
------------------------------ Experiment DPT ------------------------------
[Info] DPT (data:abe, cuda:0)
| Ver.  v1.0
| len_max 50 | n_head 2 | dropout 0.5 |
| lr 1.00e-04 | l2 5.00e+00 | lr_g 0.3 | lr_p 30 |

| seed 1234 | T 0.1 |

[info] model contains 9447425 learnable parameters.

current alpha: 0.5000 

[epoch  1]
| tr  | los | 5.7548 | 5.7576 |   6.1s |
| val |  f  | 0.0048 | 0.0077 | 0.0033 | 0.0067 | 0.0046 | 0.0113 | 0.0053 | 0.0082 |
|     |  lr | 1.0e-9 | warmup |

[epoch  2]
| tr  | los | 5.7344 | 5.7450 |   6.0s |
| val |  f  | 0.0048 | 0.0101 | 0.0048 | 0.0082 | 0.0063 | 0.0117 | 0.0057 | 0.0088 |
|     |  lr | 2.0e-5 | warmup |

[epoch  3]
| tr  | los | 5.6612 | 5.6626 |   6.2s |
| val |  f  | 0.0081 | 0.0158 | 0.0074 | 0.0104 | 0.0092 | 0.0159 | 0.0076 | 0.0103 |
|     |  lr | 4.0e-5 | warmup |

[epoch  4]
| tr  | los | 5.5223 | 5.5352 |   6.1s |
| val |  f  | 0.0211 | 0.0355 | 0.0181 | 0.0197 | 0.0159 | 0.0285 | 0.0132 | 0.0145 |
|     |  lr | 6.0e-5 | warmup |

[epoch  5]
| tr  | los | 5.2776 | 5.3197 |   6.2s |
| val |  f  | 0.0590 | 0.0935 | 0.0490 | 0.0444 | 0.0335 | 0.0582 | 0.0282 | 0.0274 |
|     |  lr | 8.0e-5 | warmup |

[epoch  6]
| tr  | los | 4.8187 | 4.9374 |   6.1s |
| val |  f  | 0.0590 | 0.1002 | 0.0515 | 0.0497 | 0.0695 | 0.1131 | 0.0570 | 0.0501 |
|     |  lr | 1.0e-4 |  0 /30 |  0 /61 |
| te  |  f  | 0.0384 | 0.0699 | 0.0331 | 0.0320 | 0.0681 | 0.1004 | 0.0566 | 0.0526 |
      |  x  | 0.0363 | 0.0709 | 0.0333 | 0.0320 | 0.0677 | 0.0977 | 0.0543 | 0.0506 |
      |  a  | 0.0373 | 0.0715 | 0.0335 | 0.0322 | 0.0650 | 0.1000 | 0.0544 | 0.0499 |
      |  b  | 0.0405 | 0.0741 | 0.0348 | 0.0327 | 0.0708 | 0.1000 | 0.0559 | 0.0516 |

[epoch  7]
| tr  | los | 4.4500 | 4.6324 |   5.9s |
| val |  f  | 0.0714 | 0.1290 | 0.0646 | 0.0577 | 0.0720 | 0.1156 | 0.0622 | 0.0562 |
|     |  lr | 1.0e-4 |  0 /30 |  0 /61 |
| te  |  f  | 0.0549 | 0.0875 | 0.0473 | 0.0453 | 0.0646 | 0.0985 | 0.0545 | 0.0507 |
      |  x  | 0.0485 | 0.0853 | 0.0444 | 0.0421 | 0.0646 | 0.0927 | 0.0509 | 0.0478 |
      |  a  | 0.0592 | 0.0944 | 0.0526 | 0.0496 | 0.0677 | 0.0985 | 0.0529 | 0.0478 |
      |  b  | 0.0491 | 0.0869 | 0.0445 | 0.0417 | 0.0593 | 0.0943 | 0.0501 | 0.0463 |

[epoch  8]
| tr  | los | 4.2463 | 4.4017 |   6.9s |
| val |  f  | 0.0671 | 0.1208 | 0.0600 | 0.0549 | 0.0695 | 0.1122 | 0.0598 | 0.0547 |
|     | lr  | 1.0e-4 |  1 /30 |  1 /61 |

[epoch  9]
| tr  | los | 3.9964 | 4.2019 |   6.0s |
| val |  f  | 0.1002 | 0.1548 | 0.0837 | 0.0747 | 0.0775 | 0.1252 | 0.0665 | 0.0597 |
|     |  lr | 1.0e-4 |  0 /30 |  0 /61 |
| te  |  f  | 0.0731 | 0.1040 | 0.0593 | 0.0563 | 0.0700 | 0.1016 | 0.0580 | 0.0552 |
      |  x  | 0.0672 | 0.0997 | 0.0565 | 0.0540 | 0.0685 | 0.0966 | 0.0527 | 0.0497 |
      |  a  | 0.0800 | 0.1061 | 0.0644 | 0.0622 | 0.0658 | 0.1020 | 0.0547 | 0.0501 |
      |  b  | 0.0693 | 0.1051 | 0.0555 | 0.0509 | 0.0677 | 0.0985 | 0.0532 | 0.0494 |

[epoch 10]
| tr  | los | 3.7722 | 3.9770 |   5.8s |
| val |  f  | 0.1323 | 0.1884 | 0.1081 | 0.0955 | 0.0842 | 0.1269 | 0.0689 | 0.0627 |
|     |  lr | 1.0e-4 |  0 /30 |  0 /61 |
| te  |  f  | 0.0880 | 0.1291 | 0.0770 | 0.0720 | 0.0696 | 0.1093 | 0.0591 | 0.0543 |
      |  x  | 0.0843 | 0.1163 | 0.0687 | 0.0650 | 0.0577 | 0.1008 | 0.0516 | 0.0472 |
      |  a  | 0.0928 | 0.1275 | 0.0771 | 0.0724 | 0.0581 | 0.0981 | 0.0504 | 0.0460 |
      |  b  | 0.0725 | 0.1237 | 0.0656 | 0.0585 | 0.0616 | 0.1023 | 0.0548 | 0.0504 |

[epoch 11]
| tr  | los | 3.5105 | 3.7617 |   5.9s |
| val |  f  | 0.1266 | 0.1946 | 0.1078 | 0.0934 | 0.0905 | 0.1399 | 0.0734 | 0.0650 |
|     |  lr | 1.0e-4 |  0 /30 |  0 /61 |
| te  |  f  | 0.0917 | 0.1339 | 0.0753 | 0.0691 | 0.0762 | 0.1154 | 0.0635 | 0.0585 |
      |  x  | 0.0779 | 0.1227 | 0.0681 | 0.0627 | 0.0619 | 0.1039 | 0.0534 | 0.0490 |
      |  a  | 0.0896 | 0.1355 | 0.0793 | 0.0733 | 0.0619 | 0.1008 | 0.0519 | 0.0476 |
      |  b  | 0.0827 | 0.1285 | 0.0685 | 0.0611 | 0.0704 | 0.1108 | 0.0587 | 0.0531 |

[epoch 12]
| tr  | los | 3.2646 | 3.5451 |   6.0s |
| val |  f  | 0.1577 | 0.2402 | 0.1348 | 0.1138 | 0.1005 | 0.1516 | 0.0840 | 0.0750 |
|     |  lr | 1.0e-4 |  0 /30 |  0 /61 |
| te  |  f  | 0.1056 | 0.1637 | 0.0918 | 0.0825 | 0.0831 | 0.1297 | 0.0686 | 0.0605 |
      |  x  | 0.0949 | 0.1461 | 0.0844 | 0.0775 | 0.0739 | 0.1120 | 0.0586 | 0.0525 |
      |  a  | 0.1008 | 0.1557 | 0.0912 | 0.0832 | 0.0631 | 0.1000 | 0.0512 | 0.0467 |
      |  b  | 0.0864 | 0.1365 | 0.0711 | 0.0620 | 0.0727 | 0.1116 | 0.0608 | 0.0556 |

[epoch 13]
| tr  | los | 3.0922 | 3.3237 |   5.9s |
| val |  f  | 0.1539 | 0.2392 | 0.1288 | 0.1072 | 0.1114 | 0.1662 | 0.0930 | 0.0834 |
|     |  lr | 1.0e-4 |  0 /30 |  0 /61 |
| te  |  f  | 0.1115 | 0.1733 | 0.0972 | 0.0879 | 0.0973 | 0.1451 | 0.0797 | 0.0716 |
      |  x  | 0.1072 | 0.1611 | 0.0923 | 0.0853 | 0.0873 | 0.1401 | 0.0750 | 0.0667 |
      |  a  | 0.1120 | 0.1627 | 0.0936 | 0.0863 | 0.0889 | 0.1335 | 0.0747 | 0.0681 |
      |  b  | 0.0992 | 0.1536 | 0.0830 | 0.0748 | 0.0893 | 0.1474 | 0.0790 | 0.0693 |

[epoch 14]
| tr  | los | 2.9673 | 3.2214 |   5.9s |
| val |  f  | 0.1644 | 0.2272 | 0.1371 | 0.1214 | 0.1009 | 0.1520 | 0.0809 | 0.0711 |
|     |  lr | 1.0e-4 |  0 /30 |  0 /61 |
| te  |  f  | 0.1093 | 0.1589 | 0.0926 | 0.0846 | 0.0727 | 0.1224 | 0.0665 | 0.0605 |
      |  x  | 0.1099 | 0.1589 | 0.0939 | 0.0864 | 0.0700 | 0.1085 | 0.0594 | 0.0550 |
      |  a  | 0.1109 | 0.1664 | 0.0969 | 0.0874 | 0.0508 | 0.0873 | 0.0437 | 0.0405 |
      |  b  | 0.0773 | 0.1205 | 0.0657 | 0.0602 | 0.0708 | 0.1070 | 0.0614 | 0.0580 |

[epoch 15]
| tr  | los | 2.8267 | 3.0947 |   6.0s |
| val |  f  | 0.0935 | 0.1400 | 0.0803 | 0.0751 | 0.0796 | 0.1223 | 0.0666 | 0.0609 |
|     | lr  | 1.0e-4 |  1 /30 |  1 /61 |

[epoch 16]
| tr  | los | 2.6762 | 2.8613 |   6.0s |
| val |  f  | 0.1779 | 0.2584 | 0.1514 | 0.1302 | 0.1198 | 0.1801 | 0.1014 | 0.0895 |
|     |  lr | 1.0e-4 |  0 /30 |  0 /61 |
| te  |  f  | 0.1237 | 0.1915 | 0.1069 | 0.0942 | 0.1000 | 0.1477 | 0.0833 | 0.0752 |
      |  x  | 0.1349 | 0.2048 | 0.1165 | 0.1027 | 0.0920 | 0.1358 | 0.0774 | 0.0709 |
      |  a  | 0.1275 | 0.1947 | 0.1094 | 0.0962 | 0.0658 | 0.1085 | 0.0560 | 0.0511 |
      |  b  | 0.0880 | 0.1445 | 0.0742 | 0.0650 | 0.0920 | 0.1327 | 0.0761 | 0.0698 |

[epoch 17]
| tr  | los | 2.5438 | 2.7621 |   6.0s |
| val |  f  | 0.1572 | 0.2363 | 0.1327 | 0.1137 | 0.1198 | 0.1784 | 0.1006 | 0.0896 |
|     | lr  | 1.0e-4 |  1 /30 |  1 /61 |

[epoch 18]
| tr  | los | 2.3020 | 2.5370 |   5.9s |
| val |  f  | 0.1309 | 0.2028 | 0.1129 | 0.0994 | 0.1051 | 0.1595 | 0.0887 | 0.0798 |
|     | lr  | 1.0e-4 |  2 /30 |  2 /61 |

[epoch 19]
| tr  | los | 2.1560 | 2.3763 |   6.2s |
| val |  f  | 0.2061 | 0.2929 | 0.1702 | 0.1438 | 0.1319 | 0.1964 | 0.1126 | 0.0997 |
|     |  lr | 1.0e-4 |  0 /30 |  0 /61 |
| te  |  f  | 0.1381 | 0.2112 | 0.1201 | 0.1073 | 0.1108 | 0.1651 | 0.0905 | 0.0793 |
      |  x  | 0.1429 | 0.2272 | 0.1247 | 0.1080 | 0.1054 | 0.1551 | 0.0856 | 0.0753 |
      |  a  | 0.1371 | 0.2176 | 0.1217 | 0.1069 | 0.0804 | 0.1235 | 0.0649 | 0.0578 |
      |  b  | 0.1035 | 0.1845 | 0.0921 | 0.0767 | 0.1054 | 0.1562 | 0.0874 | 0.0777 |

[epoch 20]
| tr  | los | 2.0321 | 2.2535 |   6.0s |
| val |  f  | 0.2033 | 0.2972 | 0.1704 | 0.1430 | 0.1428 | 0.2077 | 0.1176 | 0.1034 |
|     |  lr | 1.0e-4 |  0 /30 |  0 /61 |
| te  |  f  | 0.1477 | 0.2256 | 0.1258 | 0.1108 | 0.1200 | 0.1778 | 0.1013 | 0.0901 |
      |  x  | 0.1472 | 0.2299 | 0.1283 | 0.1127 | 0.1112 | 0.1643 | 0.0906 | 0.0797 |
      |  a  | 0.1509 | 0.2251 | 0.1245 | 0.1088 | 0.0900 | 0.1424 | 0.0713 | 0.0607 |
      |  b  | 0.1152 | 0.1984 | 0.1010 | 0.0850 | 0.1116 | 0.1693 | 0.0966 | 0.0863 |

[epoch 21]
| tr  | los | 1.9089 | 2.1422 |   6.2s |
| val |  f  | 0.2042 | 0.2905 | 0.1702 | 0.1451 | 0.1491 | 0.2127 | 0.1211 | 0.1062 |
|     |  lr | 1.0e-4 |  0 /30 |  0 /61 |
| te  |  f  | 0.1360 | 0.2192 | 0.1213 | 0.1072 | 0.1181 | 0.1824 | 0.1032 | 0.0913 |
      |  x  | 0.1360 | 0.2155 | 0.1223 | 0.1102 | 0.1077 | 0.1712 | 0.0942 | 0.0824 |
      |  a  | 0.1349 | 0.2208 | 0.1238 | 0.1096 | 0.0893 | 0.1389 | 0.0718 | 0.0630 |
      |  b  | 0.1077 | 0.1840 | 0.0930 | 0.0799 | 0.1104 | 0.1781 | 0.0978 | 0.0851 |

[epoch 22]
| tr  | los | 1.8209 | 2.0362 |   5.9s |
| val |  f  | 0.2114 | 0.3164 | 0.1774 | 0.1457 | 0.1541 | 0.2178 | 0.1279 | 0.1136 |
|     |  lr | 1.0e-4 |  0 /30 |  0 /61 |
| te  |  f  | 0.1579 | 0.2533 | 0.1399 | 0.1210 | 0.1266 | 0.1905 | 0.1077 | 0.0948 |
      |  x  | 0.1563 | 0.2587 | 0.1422 | 0.1218 | 0.1147 | 0.1735 | 0.0979 | 0.0870 |
      |  a  | 0.1477 | 0.2459 | 0.1356 | 0.1172 | 0.0900 | 0.1485 | 0.0769 | 0.0664 |
      |  b  | 0.1157 | 0.2144 | 0.1075 | 0.0888 | 0.1139 | 0.1770 | 0.0998 | 0.0887 |

[epoch 23]
| tr  | los | 1.7391 | 1.9545 |   6.1s |
| val |  f  | 0.2143 | 0.3044 | 0.1766 | 0.1493 | 0.1508 | 0.2119 | 0.1236 | 0.1102 |
|     |  lr | 1.0e-4 |  0 /30 |  0 /61 |
| te  |  f  | 0.1371 | 0.2187 | 0.1222 | 0.1099 | 0.1231 | 0.1789 | 0.1022 | 0.0914 |
      |  x  | 0.1408 | 0.2432 | 0.1332 | 0.1156 | 0.1112 | 0.1658 | 0.0939 | 0.0840 |
      |  a  | 0.1339 | 0.2208 | 0.1244 | 0.1114 | 0.0800 | 0.1366 | 0.0697 | 0.0609 |
      |  b  | 0.1051 | 0.1872 | 0.0942 | 0.0806 | 0.1131 | 0.1674 | 0.0938 | 0.0838 |

[epoch 24]
| tr  | los | 1.6794 | 1.8846 |   5.9s |
| val |  f  | 0.2119 | 0.3068 | 0.1780 | 0.1501 | 0.1487 | 0.2215 | 0.1245 | 0.1082 |
|     | lr  | 1.0e-4 |  1 /30 |  1 /61 |

[epoch 25]
| tr  | los | 1.6010 | 1.8096 |   6.0s |
| val |  f  | 0.2234 | 0.3145 | 0.1849 | 0.1565 | 0.1537 | 0.2182 | 0.1256 | 0.1112 |
|     |  lr | 1.0e-4 |  0 /30 |  0 /61 |
| te  |  f  | 0.1483 | 0.2555 | 0.1397 | 0.1210 | 0.1304 | 0.1870 | 0.1078 | 0.0965 |
      |  x  | 0.1659 | 0.2848 | 0.1529 | 0.1275 | 0.1208 | 0.1805 | 0.1011 | 0.0893 |
      |  a  | 0.1531 | 0.2533 | 0.1385 | 0.1195 | 0.0858 | 0.1427 | 0.0716 | 0.0618 |
      |  b  | 0.1285 | 0.2261 | 0.1133 | 0.0928 | 0.1227 | 0.1808 | 0.1024 | 0.0912 |

[epoch 26]
| tr  | los | 1.5328 | 1.7397 |   6.2s |
| val |  f  | 0.2301 | 0.3303 | 0.1913 | 0.1591 | 0.1591 | 0.2245 | 0.1275 | 0.1114 |
|     |  lr | 1.0e-4 |  0 /30 |  0 /61 |
| te  |  f  | 0.1589 | 0.2571 | 0.1395 | 0.1198 | 0.1258 | 0.1920 | 0.1077 | 0.0945 |
      |  x  | 0.1739 | 0.2864 | 0.1555 | 0.1295 | 0.1212 | 0.1731 | 0.0982 | 0.0878 |
      |  a  | 0.1504 | 0.2501 | 0.1375 | 0.1187 | 0.0858 | 0.1343 | 0.0670 | 0.0583 |
      |  b  | 0.1296 | 0.2085 | 0.1069 | 0.0896 | 0.1181 | 0.1793 | 0.1011 | 0.0897 |

[epoch 27]
| tr  | los | 1.4912 | 1.6794 |   6.0s |
| val |  f  | 0.2359 | 0.3384 | 0.1976 | 0.1647 | 0.1595 | 0.2257 | 0.1334 | 0.1191 |
|     |  lr | 1.0e-4 |  0 /30 |  0 /61 |
| te  |  f  | 0.1579 | 0.2715 | 0.1484 | 0.1266 | 0.1354 | 0.1985 | 0.1128 | 0.0992 |
      |  x  | 0.1776 | 0.2965 | 0.1597 | 0.1314 | 0.1227 | 0.1808 | 0.1028 | 0.0916 |
      |  a  | 0.1568 | 0.2528 | 0.1411 | 0.1226 | 0.0823 | 0.1427 | 0.0719 | 0.0621 |
      |  b  | 0.1307 | 0.2219 | 0.1111 | 0.0910 | 0.1231 | 0.1835 | 0.1031 | 0.0912 |

[epoch 28]
| tr  | los | 1.4355 | 1.6331 |   6.0s |
| val |  f  | 0.2339 | 0.3408 | 0.1973 | 0.1634 | 0.1575 | 0.2286 | 0.1325 | 0.1167 |
|     | lr  | 1.0e-4 |  1 /30 |  1 /61 |

[epoch 29]
